app/build/outputs/logs/manifest-merger-release-report.txt
-- Merging decision tree log ---
manifest
ADDED from AndroidManifest.xml:1:1
	package
		ADDED from AndroidManifest.xml:2:5
		INJECTED from AndroidManifest.xml:0:0
		INJECTED from AndroidManifest.xml:0:0
	android:versionName
		ADDED from AndroidManifest.xml:4:5
	android:versionCode
		ADDED from AndroidManifest.xml:3:5
		INJECTED from AndroidManifest.xml:0:0
		INJECTED from AndroidManifest.xml:0:0
	xmlns:android
		ADDED from AndroidManifest.xml:1:11
uses-permission#android.permission.INTERNET
ADDED from AndroidManifest.xml:6:5
MERGED from com.google.android.gms:play-services-ads-lite:9.0.2:20:5
	android:name
		ADDED from AndroidManifest.xml:6:22
uses-permission#android.permission.ACCESS_NETWORK_STATE
ADDED from AndroidManifest.xml:7:5
MERGED from com.google.android.gms:play-services-ads-lite:9.0.2:21:5
	android:name
		ADDED from AndroidManifest.xml:7:22
uses-permission#android.permission.WRITE_EXTERNAL_STORAGE
ADDED from AndroidManifest.xml:9:2
	android:name
		ADDED from AndroidManifest.xml:9:19
application
ADDED from AndroidManifest.xml:10:5
MERGED from com.android.support:support-v4:23.0.0:22:5
MERGED from com.android.support:appcompat-v7:22.2.0:22:5
MERGED from com.android.support:support-v4:23.0.0:22:5
MERGED from com.android.support:design:22.2.0:22:5
MERGED from com.android.support:appcompat-v7:22.2.0:22:5
MERGED from com.android.support:support-v4:23.0.0:22:5
MERGED from com.android.support:support-v4:23.0.0:22:5
MERGED from com.google.android.gms:play-services-ads-lite:9.0.2:24:5
MERGED from com.google.android.gms:play-services-basement:9.0.2:20:5
MERGED from com.android.support:support-v4:23.0.0:22:5
MERGED from com.google.android.gms:play-services-base:9.0.2:19:5
MERGED from com.google.android.gms:play-services-basement:9.0.2:20:5
MERGED from com.android.support:support-v4:23.0.0:22:5
MERGED from com.google.firebase:firebase-common:9.0.2:5:5
MERGED from com.google.android.gms:play-services-basement:9.0.2:20:5
MERGED from com.android.support:support-v4:23.0.0:22:5
MERGED from com.google.android.gms:play-services-tasks:9.0.2:5:5
MERGED from com.google.android.gms:play-services-basement:9.0.2:20:5
MERGED from com.android.support:support-v4:23.0.0:22:5
MERGED from com.google.android.gms:play-services-tasks:9.0.2:5:5
MERGED from com.google.android.gms:play-services-basement:9.0.2:20:5
MERGED from com.android.support:support-v4:23.0.0:22:5
MERGED from com.google.android.gms:play-services-basement:9.0.2:20:5
MERGED from com.android.support:support-v4:23.0.0:22:5
	android:label
		ADDED from AndroidManifest.xml:12:9
	android:icon
		ADDED from AndroidManifest.xml:11:9
	android:theme
		ADDED from AndroidManifest.xml:13:9
	android:name
		ADDED from AndroidManifest.xml:14:9
meta-data#com.google.android.gms.version
ADDED from AndroidManifest.xml:16:9
MERGED from com.google.android.gms:play-services-basement:9.0.2:21:9
MERGED from com.google.android.gms:play-services-basement:9.0.2:21:9
MERGED from com.google.android.gms:play-services-basement:9.0.2:21:9
MERGED from com.google.android.gms:play-services-basement:9.0.2:21:9
MERGED from com.google.android.gms:play-services-basement:9.0.2:21:9
MERGED from com.google.android.gms:play-services-basement:9.0.2:21:9
	android:value
		ADDED from AndroidManifest.xml:18:13
	android:name
		ADDED from AndroidManifest.xml:17:13
activity#com.google.android.gms.ads.AdActivity
ADDED from AndroidManifest.xml:20:9
MERGED from com.google.android.gms:play-services-ads-lite:9.0.2:26:9
	android:configChanges
		ADDED from AndroidManifest.xml:22:13
	android:theme
		ADDED from AndroidManifest.xml:23:13
	android:name
		ADDED from AndroidManifest.xml:21:13
activity#com.psychology.dictioinary.MainActivity
ADDED from AndroidManifest.xml:25:9
	android:screenOrientation
		ADDED from AndroidManifest.xml:28:13
	android:label
		ADDED from AndroidManifest.xml:27:13
	android:name
		ADDED from AndroidManifest.xml:26:13
intent-filter#android.intent.action.MAIN+android.intent.category.LAUNCHER
ADDED from AndroidManifest.xml:29:13
action#android.intent.action.MAIN
ADDED from AndroidManifest.xml:30:17
	android:name
		ADDED from AndroidManifest.xml:30:25
category#android.intent.category.LAUNCHER
ADDED from AndroidManifest.xml:31:17
	android:name
		ADDED from AndroidManifest.xml:31:27
meta-data#android.app.default_searchable
ADDED from AndroidManifest.xml:33:13
	android:value
		ADDED from AndroidManifest.xml:35:17
	android:name
		ADDED from AndroidManifest.xml:34:17
activity#com.psychology.dictioinary.FormInputUpdateActivity
ADDED from AndroidManifest.xml:37:9
	android:screenOrientation
		ADDED from AndroidManifest.xml:40:13
	android:label
		ADDED from AndroidManifest.xml:39:13
	android:name
		ADDED from AndroidManifest.xml:38:13
activity#com.psychology.dictioinary.SearchResultActivity
ADDED from AndroidManifest.xml:42:9
	android:screenOrientation
		ADDED from AndroidManifest.xml:45:13
	android:label
		ADDED from AndroidManifest.xml:44:13
	android:name
		ADDED from AndroidManifest.xml:43:13
intent-filter#android.intent.action.SEARCH
ADDED from AndroidManifest.xml:47:13
action#android.intent.action.SEARCH
ADDED from AndroidManifest.xml:48:17
	android:name
		ADDED from AndroidManifest.xml:48:25
meta-data#android.app.searchable
ADDED from AndroidManifest.xml:51:13
	android:resource
		ADDED from AndroidManifest.xml:53:17
	android:name
		ADDED from AndroidManifest.xml:52:17
uses-sdk
INJECTED from AndroidManifest.xml:0:0 reason: use-sdk injection requested
MERGED from com.android.support:support-v4:23.0.0:20:5
MERGED from com.android.support:appcompat-v7:22.2.0:20:5
MERGED from com.android.support:support-v4:23.0.0:20:5
MERGED from com.android.support:design:22.2.0:20:5
MERGED from com.android.support:appcompat-v7:22.2.0:20:5
MERGED from com.android.support:support-v4:23.0.0:20:5
MERGED from com.android.support:support-v4:23.0.0:20:5
MERGED from com.google.android.gms:play-services-ads:9.0.2:19:5
MERGED from com.google.android.gms:play-services-ads-lite:9.0.2:23:5
MERGED from com.google.android.gms:play-services-basement:9.0.2:18:5
MERGED from com.android.support:support-v4:23.0.0:20:5
MERGED from com.google.android.gms:play-services-base:9.0.2:18:5
MERGED from com.google.android.gms:play-services-basement:9.0.2:18:5
MERGED from com.android.support:support-v4:23.0.0:20:5
MERGED from com.google.firebase:firebase-common:9.0.2:4:5
MERGED from com.google.android.gms:play-services-basement:9.0.2:18:5
MERGED from com.android.support:support-v4:23.0.0:20:5
MERGED from com.google.android.gms:play-services-tasks:9.0.2:4:5
MERGED from com.google.android.gms:play-services-basement:9.0.2:18:5
MERGED from com.android.support:support-v4:23.0.0:20:5
MERGED from com.google.android.gms:play-services-tasks:9.0.2:4:5
MERGED from com.google.android.gms:play-services-basement:9.0.2:18:5
MERGED from com.android.support:support-v4:23.0.0:20:5
MERGED from com.google.android.gms:play-services-basement:9.0.2:18:5
MERGED from com.android.support:support-v4:23.0.0:20:5
	android:targetSdkVersion
		INJECTED from AndroidManifest.xml:0:0
		INJECTED from AndroidManifest.xml:0:0
	android:minSdkVersion
		INJECTED from AndroidManifest.xml:0:0
		INJECTED from AndroidManifest.xml:0:0
activity#com.google.android.gms.ads.purchase.InAppPurchaseActivity
ADDED from com.google.android.gms:play-services-ads-lite:9.0.2:30:9
	android:theme
		ADDED from com.google.android.gms:play-services-ads-lite:9.0.2:31:13
	android:name
		ADDED from com.google.android.gms:play-services-ads-lite:9.0.2:30:19
activity#com.google.android.gms.common.api.GoogleApiActivity
ADDED from com.google.android.gms:play-services-base:9.0.2:20:9
	android:exported
		ADDED from com.google.android.gms:play-services-base:9.0.2:22:19
	android:theme
		ADDED from com.google.android.gms:play-services-base:9.0.2:21:19
	android:name
		ADDED from com.google.android.gms:play-services-base:9.0.2:20:19
provider#com.google.firebase.provider.FirebaseInitProvider
ADDED from com.google.firebase:firebase-common:9.0.2:7:9
	android:authorities
		ADDED from com.google.firebase:firebase-common:9.0.2:8:13
	android:exported
		ADDED from com.google.firebase:firebase-common:9.0.2:10:13
	android:initOrder
		ADDED from com.google.firebase:firebase-common:9.0.2:11:13
	android:name
		ADDED from com.google.firebase:firebase-common:9.0.2:9:13